{"contracts\\MultiSig.sol":{"l":{"19":3,"20":3,"21":3,"25":0,"29":0,"33":0,"37":0,"41":0,"45":0,"49":0,"50":0,"54":0,"55":0,"63":0,"64":0,"65":0,"69":0,"73":0,"74":0,"75":0,"83":0,"84":0,"88":0,"92":0,"93":0,"94":0},"path":"D:\\Poolz\\MultiSig\\contracts\\MultiSig.sol","s":{"1":3,"2":3,"3":3,"4":0,"5":0,"6":0,"7":0,"8":0,"9":0,"10":0,"11":0,"12":0,"13":0,"14":0,"15":0,"16":0,"17":0,"18":0,"19":0,"20":0,"21":0,"22":0,"23":0},"b":{"1":[0,0],"2":[0,0],"3":[0,0],"4":[0,0],"5":[0,0],"6":[0,0],"7":[0,0],"8":[0,0],"9":[0,0]},"f":{"1":3,"2":0,"3":0,"4":0,"5":0,"6":0,"7":0,"8":0,"9":0,"10":0},"fnMap":{"1":{"name":"constructor","line":14,"loc":{"start":{"line":14,"column":4},"end":{"line":22,"column":4}}},"2":{"name":"OnlyInitiator","line":24,"loc":{"start":{"line":24,"column":4},"end":{"line":30,"column":4}}},"3":{"name":"OnlyConfirmer","line":32,"loc":{"start":{"line":32,"column":4},"end":{"line":38,"column":4}}},"4":{"name":"NoInitiation","line":40,"loc":{"start":{"line":40,"column":4},"end":{"line":46,"column":4}}},"5":{"name":"ChangeInitiationAddress","line":48,"loc":{"start":{"line":48,"column":4},"end":{"line":51,"column":4}}},"6":{"name":"ChangeConfirmerAddress","line":53,"loc":{"start":{"line":53,"column":4},"end":{"line":56,"column":4}}},"7":{"name":"InitiateMint","line":61,"loc":{"start":{"line":58,"column":4},"end":{"line":66,"column":4}}},"8":{"name":"ConfirmMint","line":68,"loc":{"start":{"line":68,"column":4},"end":{"line":76,"column":4}}},"9":{"name":"InitiateTransferOwnership","line":81,"loc":{"start":{"line":78,"column":4},"end":{"line":85,"column":4}}},"10":{"name":"ConfirmTransferOwnership","line":87,"loc":{"start":{"line":87,"column":4},"end":{"line":95,"column":4}}}},"statementMap":{"1":{"start":{"line":19,"column":8},"end":{"line":19,"column":35}},"2":{"start":{"line":20,"column":8},"end":{"line":20,"column":35}},"3":{"start":{"line":21,"column":8},"end":{"line":21,"column":27}},"4":{"start":{"line":25,"column":8},"end":{"line":25,"column":667}},"5":{"start":{"line":33,"column":8},"end":{"line":33,"column":851}},"6":{"start":{"line":41,"column":8},"end":{"line":41,"column":1033}},"7":{"start":{"line":49,"column":8},"end":{"line":49,"column":73}},"8":{"start":{"line":50,"column":8},"end":{"line":50,"column":36}},"9":{"start":{"line":54,"column":8},"end":{"line":54,"column":72}},"10":{"start":{"line":55,"column":8},"end":{"line":55,"column":35}},"11":{"start":{"line":63,"column":8},"end":{"line":63,"column":50}},"12":{"start":{"line":64,"column":8},"end":{"line":64,"column":22}},"13":{"start":{"line":65,"column":8},"end":{"line":65,"column":29}},"14":{"start":{"line":69,"column":8},"end":{"line":69,"column":1918}},"15":{"start":{"line":73,"column":8},"end":{"line":73,"column":48}},"16":{"start":{"line":74,"column":8},"end":{"line":74,"column":17}},"17":{"start":{"line":75,"column":8},"end":{"line":75,"column":33}},"18":{"start":{"line":83,"column":8},"end":{"line":83,"column":36}},"19":{"start":{"line":84,"column":8},"end":{"line":84,"column":29}},"20":{"start":{"line":88,"column":8},"end":{"line":88,"column":2465}},"21":{"start":{"line":92,"column":8},"end":{"line":92,"column":44}},"22":{"start":{"line":93,"column":8},"end":{"line":93,"column":44}},"23":{"start":{"line":94,"column":8},"end":{"line":94,"column":33}}},"branchMap":{"1":{"line":25,"type":"if","locations":[{"start":{"line":25,"column":8},"end":{"line":25,"column":8}},{"start":{"line":25,"column":8},"end":{"line":25,"column":8}}]},"2":{"line":33,"type":"if","locations":[{"start":{"line":33,"column":8},"end":{"line":33,"column":8}},{"start":{"line":33,"column":8},"end":{"line":33,"column":8}}]},"3":{"line":41,"type":"if","locations":[{"start":{"line":41,"column":8},"end":{"line":41,"column":8}},{"start":{"line":41,"column":8},"end":{"line":41,"column":8}}]},"4":{"line":49,"type":"if","locations":[{"start":{"line":49,"column":8},"end":{"line":49,"column":8}},{"start":{"line":49,"column":8},"end":{"line":49,"column":8}}]},"5":{"line":54,"type":"if","locations":[{"start":{"line":54,"column":8},"end":{"line":54,"column":8}},{"start":{"line":54,"column":8},"end":{"line":54,"column":8}}]},"6":{"line":63,"type":"if","locations":[{"start":{"line":63,"column":8},"end":{"line":63,"column":8}},{"start":{"line":63,"column":8},"end":{"line":63,"column":8}}]},"7":{"line":69,"type":"if","locations":[{"start":{"line":69,"column":8},"end":{"line":69,"column":8}},{"start":{"line":69,"column":8},"end":{"line":69,"column":8}}]},"8":{"line":83,"type":"if","locations":[{"start":{"line":83,"column":8},"end":{"line":83,"column":8}},{"start":{"line":83,"column":8},"end":{"line":83,"column":8}}]},"9":{"line":88,"type":"if","locations":[{"start":{"line":88,"column":8},"end":{"line":88,"column":8}},{"start":{"line":88,"column":8},"end":{"line":88,"column":8}}]}}},"contracts\\TokenInterface.sol":{"l":{},"path":"D:\\Poolz\\MultiSig\\contracts\\TokenInterface.sol","s":{},"b":{},"f":{},"fnMap":{},"statementMap":{},"branchMap":{}}}